0 verbose cli D:\VScode\Nodejs\node.exe D:\VScode\Nodejs\node_modules\npm\bin\npm-cli.js
1 info using npm@10.9.2
2 info using node@v22.13.0
3 silly config load:file:D:\VScode\Nodejs\node_modules\npm\npmrc
4 silly config load:file:D:\Cursor\project\demo3\.npmrc
5 silly config load:file:C:\Users\Administrator\.npmrc
6 silly config load:file:D:\VScode\Nodejs\node_global\etc\npmrc
7 verbose title npm exec kill-port 3999
8 verbose argv "exec" "--yes" "--" "kill-port" "3999"
9 verbose logfile logs-max:10 dir:D:\Cursor\project\demo3\.npm-cache\_logs\2026-03-22T11_40_22_831Z-
10 verbose logfile D:\Cursor\project\demo3\.npm-cache\_logs\2026-03-22T11_40_22_831Z-debug-0.log
11 silly logfile start cleaning logs, removing 1 files
12 silly logfile done cleaning log files
13 silly packumentCache heap:4345298944 maxSize:1086324736 maxEntrySize:543162368
14 verbose shrinkwrap failed to load node_modules/.package-lock.json missing from node_modules: node_modules/netlify-cli/tools/lint-rules
15 http fetch GET 200 https://registry.npmjs.org/kill-port 1348ms (cache revalidated)
16 silly packumentCache heap:4345298944 maxSize:1086324736 maxEntrySize:543162368
17 silly packumentCache heap:4345298944 maxSize:1086324736 maxEntrySize:543162368
18 verbose cwd D:\Cursor\project\demo3
19 verbose os Windows_NT 10.0.22000
20 verbose node v22.13.0
21 verbose npm  v10.9.2
22 verbose exit 0
23 info ok
